<?xml version="1.0" encoding="UTF-8"?>
<!-- Generated by org.testng.reporters.JUnitXMLReporter -->
<testsuite ignored="0" hostname="Santoshs-MacBook-Pro.local" failures="1" tests="2" name="Error Validation Test" time="26.3" errors="0" timestamp="2024-03-05T23:21:09 CST">
  <testcase classname="SeleniumTraning.tests.errorValidationLoginPageTest" name="LoginErrorValidation" time="1.055">
    <failure type="java.lang.AssertionError" message="expected [Incorrect email or password.] but found [Incorrect email  password.]">
      <![CDATA[java.lang.AssertionError: expected [Incorrect email or password.] but found [Incorrect email  password.]
at SeleniumTraning.tests.errorValidationLoginPageTest.LoginErrorValidation(errorValidationLoginPageTest.java:23)
at java.base/java.util.ArrayList.forEach(ArrayList.java:1511)
at java.base/java.util.concurrent.FutureTask.run(FutureTask.java:264)
at java.base/java.util.concurrent.ThreadPoolExecutor.runWorker(ThreadPoolExecutor.java:1136)
at java.base/java.util.concurrent.ThreadPoolExecutor$Worker.run(ThreadPoolExecutor.java:635)
at java.base/java.lang.Thread.run(Thread.java:833)
... Removed 23 stack frames]]>
    </failure>
  </testcase> <!-- LoginErrorValidation -->
  <testcase classname="SeleniumTraning.tests.errorValidationLoginPageTest" name="productErrorValidation" time="14.553"/>
</testsuite> <!-- Error Validation Test -->
